[0m09:28:03.643146 [debug] [MainThread]: Sending event: {'category': 'dbt', 'action': 'invocation', 'label': 'start', 'context': [<snowplow_tracker.self_describing_json.SelfDescribingJson object at 0x00000189D2A88ED0>, <snowplow_tracker.self_describing_json.SelfDescribingJson object at 0x00000189D27DC890>, <snowplow_tracker.self_describing_json.SelfDescribingJson object at 0x00000189D26D6410>]}


============================== 09:28:03.643146 | 328b84ed-68a2-4358-89cd-56937b19c07f ==============================
[0m09:28:03.643146 [info ] [MainThread]: Running with dbt=1.10.15
[0m09:28:03.653278 [debug] [MainThread]: running dbt with arguments {'invocation_command': 'dbt init firmable_dbt', 'write_json': 'True', 'log_format': 'default', 'printer_width': '80', 'profiles_dir': 'C:\\Users\\Dudes\\.dbt', 'warn_error': 'None', 'log_path': 'logs', 'partial_parse': 'True', 'indirect_selection': 'eager', 'send_anonymous_usage_stats': 'True', 'fail_fast': 'False', 'warn_error_options': 'WarnErrorOptionsV2(error=[], warn=[], silence=[])', 'static_parser': 'True', 'version_check': 'True', 'use_experimental_parser': 'False', 'introspect': 'True', 'quiet': 'False', 'empty': 'None', 'log_cache_events': 'False', 'debug': 'False', 'no_print': 'None', 'use_colors': 'True', 'cache_selected_only': 'False', 'target_path': 'None'}
[0m09:28:03.692323 [info ] [MainThread]: Creating dbt configuration folder at C:\Users\Dudes\.dbt
[0m09:28:03.692323 [debug] [MainThread]: Starter project path: C:\firmable\venv\Lib\site-packages\dbt\include\starter_project
[0m09:28:03.864625 [info ] [MainThread]: 
Your new dbt project "firmable_dbt" was created!

For more information on how to configure the profiles.yml file,
please consult the dbt documentation here:

  https://docs.getdbt.com/docs/configure-your-profile

One more thing:

Need help? Don't hesitate to reach out to us via GitHub issues or on Slack:

  https://community.getdbt.com/

Happy modeling!

[0m09:28:03.864625 [info ] [MainThread]: Setting up your profile.
[0m09:34:50.931164 [info ] [MainThread]: Profile firmable_dbt written to C:\Users\Dudes\.dbt\profiles.yml using target's profile_template.yml and your supplied values. Run 'dbt debug' to validate the connection.
[0m09:34:50.931164 [debug] [MainThread]: Command `dbt init` succeeded at 09:34:50.931164 after 407.43 seconds
[0m09:34:50.931164 [debug] [MainThread]: Sending event: {'category': 'dbt', 'action': 'invocation', 'label': 'end', 'context': [<snowplow_tracker.self_describing_json.SelfDescribingJson object at 0x00000189D2A34B10>, <snowplow_tracker.self_describing_json.SelfDescribingJson object at 0x00000189D2A65A50>, <snowplow_tracker.self_describing_json.SelfDescribingJson object at 0x00000189CBDF9590>]}
[0m09:34:50.941273 [debug] [MainThread]: Flushing usage events
[0m09:34:52.460184 [debug] [MainThread]: An error was encountered while trying to flush usage events
[0m11:37:07.360989 [debug] [MainThread]: Sending event: {'category': 'dbt', 'action': 'invocation', 'label': 'start', 'context': [<snowplow_tracker.self_describing_json.SelfDescribingJson object at 0x0000017E5A87B3D0>, <snowplow_tracker.self_describing_json.SelfDescribingJson object at 0x0000017E5A8A1FD0>, <snowplow_tracker.self_describing_json.SelfDescribingJson object at 0x0000017E5A8A36D0>]}


============================== 11:37:07.371745 | edcb48aa-9704-495e-acbb-4ec98340bef5 ==============================
[0m11:37:07.371745 [info ] [MainThread]: Running with dbt=1.10.15
[0m11:37:07.378442 [debug] [MainThread]: running dbt with arguments {'invocation_command': 'dbt debug', 'cache_selected_only': 'False', 'log_format': 'default', 'target_path': 'None', 'no_print': 'None', 'warn_error': 'None', 'log_path': 'logs', 'fail_fast': 'False', 'partial_parse': 'True', 'send_anonymous_usage_stats': 'True', 'static_parser': 'True', 'warn_error_options': 'WarnErrorOptionsV2(error=[], warn=[], silence=[])', 'indirect_selection': 'eager', 'use_experimental_parser': 'False', 'version_check': 'True', 'introspect': 'True', 'quiet': 'False', 'empty': 'None', 'log_cache_events': 'False', 'debug': 'False', 'profiles_dir': 'C:\\Users\\Dudes\\.dbt', 'use_colors': 'True', 'printer_width': '80', 'write_json': 'True'}
[0m11:37:07.413129 [info ] [MainThread]: dbt version: 1.10.15
[0m11:37:07.413129 [info ] [MainThread]: python version: 3.11.6
[0m11:37:07.413129 [info ] [MainThread]: python path: C:\firmable\venv\Scripts\python.exe
[0m11:37:07.423286 [info ] [MainThread]: os info: Windows-10-10.0.19045-SP0
[0m11:37:07.514419 [info ] [MainThread]: Using profiles dir at C:\Users\Dudes\.dbt
[0m11:37:07.514419 [info ] [MainThread]: Using profiles.yml file at C:\Users\Dudes\.dbt\profiles.yml
[0m11:37:07.514419 [info ] [MainThread]: Using dbt_project.yml file at C:\firmable\dbt_project.yml
[0m11:37:07.514419 [info ] [MainThread]: adapter type: postgres
[0m11:37:07.524514 [info ] [MainThread]: adapter version: 1.9.1
[0m11:37:07.524514 [info ] [MainThread]: Configuration:
[0m11:37:07.524514 [info ] [MainThread]:   profiles.yml file [[32mOK found and valid[0m]
[0m11:37:07.524514 [info ] [MainThread]:   dbt_project.yml file [[31mERROR not found[0m]
[0m11:37:07.524514 [info ] [MainThread]: Required dependencies:
[0m11:37:07.524514 [debug] [MainThread]: Executing "git --help"
[0m11:37:07.595714 [debug] [MainThread]: STDOUT: "b"usage: git [-v | --version] [-h | --help] [-C <path>] [-c <name>=<value>]\n           [--exec-path[=<path>]] [--html-path] [--man-path] [--info-path]\n           [-p | --paginate | -P | --no-pager] [--no-replace-objects] [--no-lazy-fetch]\n           [--no-optional-locks] [--no-advice] [--bare] [--git-dir=<path>]\n           [--work-tree=<path>] [--namespace=<name>] [--config-env=<name>=<envvar>]\n           <command> [<args>]\n\nThese are common Git commands used in various situations:\n\nstart a working area (see also: git help tutorial)\n   clone      Clone a repository into a new directory\n   init       Create an empty Git repository or reinitialize an existing one\n\nwork on the current change (see also: git help everyday)\n   add        Add file contents to the index\n   mv         Move or rename a file, a directory, or a symlink\n   restore    Restore working tree files\n   rm         Remove files from the working tree and from the index\n\nexamine the history and state (see also: git help revisions)\n   bisect     Use binary search to find the commit that introduced a bug\n   diff       Show changes between commits, commit and working tree, etc\n   grep       Print lines matching a pattern\n   log        Show commit logs\n   show       Show various types of objects\n   status     Show the working tree status\n\ngrow, mark and tweak your common history\n   backfill   Download missing objects in a partial clone\n   branch     List, create, or delete branches\n   commit     Record changes to the repository\n   merge      Join two or more development histories together\n   rebase     Reapply commits on top of another base tip\n   reset      Reset current HEAD to the specified state\n   switch     Switch branches\n   tag        Create, list, delete or verify tags\n\ncollaborate (see also: git help workflows)\n   fetch      Download objects and refs from another repository\n   pull       Fetch from and integrate with another repository or a local branch\n   push       Update remote refs along with associated objects\n\n'git help -a' and 'git help -g' list available subcommands and some\nconcept guides. See 'git help <command>' or 'git help <concept>'\nto read about a specific subcommand or concept.\nSee 'git help git' for an overview of the system.\n""
[0m11:37:07.595714 [debug] [MainThread]: STDERR: "b''"
[0m11:37:07.595714 [info ] [MainThread]:  - git [[32mOK found[0m]

[0m11:37:07.595714 [info ] [MainThread]: Connection:
[0m11:37:07.602980 [info ] [MainThread]:   host: localhost
[0m11:37:07.602980 [info ] [MainThread]:   port: 5432
[0m11:37:07.606264 [info ] [MainThread]:   user: firmable
[0m11:37:07.606264 [info ] [MainThread]:   database: firmabledb
[0m11:37:07.606264 [info ] [MainThread]:   schema: core
[0m11:37:07.606264 [info ] [MainThread]:   connect_timeout: 10
[0m11:37:07.606264 [info ] [MainThread]:   role: None
[0m11:37:07.606264 [info ] [MainThread]:   search_path: None
[0m11:37:07.606264 [info ] [MainThread]:   keepalives_idle: 0
[0m11:37:07.606264 [info ] [MainThread]:   sslmode: None
[0m11:37:07.616328 [info ] [MainThread]:   sslcert: None
[0m11:37:07.616328 [info ] [MainThread]:   sslkey: None
[0m11:37:07.616328 [info ] [MainThread]:   sslrootcert: None
[0m11:37:07.616328 [info ] [MainThread]:   application_name: dbt
[0m11:37:07.616328 [info ] [MainThread]:   retries: 1
[0m11:37:07.616328 [info ] [MainThread]: Registered adapter: postgres=1.9.1
[0m11:37:08.023117 [debug] [MainThread]: Acquiring new postgres connection 'debug'
[0m11:37:12.269679 [debug] [MainThread]: Using postgres connection "debug"
[0m11:37:12.269679 [debug] [MainThread]: On debug: select 1 as id
[0m11:37:12.269679 [debug] [MainThread]: Opening a new connection, currently in state init
[0m11:37:12.321394 [debug] [MainThread]: SQL status: SELECT 1 in 0.049 seconds
[0m11:37:12.321394 [debug] [MainThread]: On debug: Close
[0m11:37:12.321394 [info ] [MainThread]:   Connection test: [[32mOK connection ok[0m]

[0m11:37:12.333989 [info ] [MainThread]: [31m1 check failed:[0m
[0m11:37:12.337218 [info ] [MainThread]: Project loading failed for the following reason:
 project path <C:\firmable\dbt_project.yml> not found

[0m11:37:12.341254 [debug] [MainThread]: Command `dbt debug` failed at 11:37:12.337218 after 5.10 seconds
[0m11:37:12.341332 [debug] [MainThread]: Connection 'debug' was properly closed.
[0m11:37:12.341332 [debug] [MainThread]: Sending event: {'category': 'dbt', 'action': 'invocation', 'label': 'end', 'context': [<snowplow_tracker.self_describing_json.SelfDescribingJson object at 0x0000017E5A8CD190>, <snowplow_tracker.self_describing_json.SelfDescribingJson object at 0x0000017E5BB2DA10>, <snowplow_tracker.self_describing_json.SelfDescribingJson object at 0x0000017E53C4AE10>]}
[0m11:37:12.341332 [debug] [MainThread]: Flushing usage events
[0m11:37:13.908415 [debug] [MainThread]: An error was encountered while trying to flush usage events
